<?xml version="1.0" encoding="UTF-8"?>
<!-- Generated by org.testng.reporters.JUnitXMLReporter -->
<testsuite ignored="0" hostname="VPL-RDS01" failures="0" tests="1" name="Test" time="0.115" errors="0" timestamp="2023-11-27T10:32:37 PST">
  <testcase classname="com.Automation.Annotations.CheckTC" name="@BeforeTest getData" time="-1.701109957409E9">
    <failure type="org.testng.TestNGException" message="
Parameter &amp;apos;Sheet1&amp;apos; is required by BeforeTest on method getData but has not been marked @Optional or defined
in C:\Users\GS16\eclipse-workspace\Automation\testng.xml">
      <![CDATA[org.testng.TestNGException: 
Parameter 'Sheet1' is required by BeforeTest on method getData but has not been marked @Optional or defined
in C:\Users\GS16\eclipse-workspace\Automation\testng.xml
... Removed 21 stack frames]]>
    </failure>
  </testcase> <!-- @BeforeTest getData -->
  <testcase classname="com.Automation.Annotations.CheckTC" name="executeTest" time="0.0">
    <skipped/>
  </testcase> <!-- executeTest -->
</testsuite> <!-- Test -->
