<?xml version="1.0" encoding="UTF-8"?>
<testng-results ignored="0" total="1" passed="1" failed="0" skipped="0">
  <reporter-output>
  </reporter-output>
  <suite started-at="2023-11-29T08:11:18 PST" name="Suite" finished-at="2023-11-29T08:16:35 PST" duration-ms="316618">
    <groups>
    </groups>
    <test started-at="2023-11-29T08:11:18 PST" name="Test" finished-at="2023-11-29T08:16:35 PST" duration-ms="316618">
      <class name="com.Automation.Annotations.CheckTC">
        <test-method is-config="true" signature="getData(java.lang.String)[pri:0, instance:com.Automation.Annotations.CheckTC@3b07a0d6]" started-at="2023-11-29T08:11:18 PST" name="getData" finished-at="2023-11-29T08:11:19 PST" duration-ms="596" status="PASS">
          <params>
            <param index="0">
              <value>
                <![CDATA[Sheet1]]>
              </value>
            </param>
          </params>
          <reporter-output>
          </reporter-output>
        </test-method> <!-- getData -->
        <test-method signature="executeTest()[pri:0, instance:com.Automation.Annotations.CheckTC@3b07a0d6]" started-at="2023-11-29T08:11:19 PST" name="executeTest" finished-at="2023-11-29T08:16:35 PST" duration-ms="315995" status="PASS">
          <reporter-output>
          </reporter-output>
        </test-method> <!-- executeTest -->
      </class> <!-- com.Automation.Annotations.CheckTC -->
    </test> <!-- Test -->
  </suite> <!-- Suite -->
</testng-results>
